<?xml version="1.0" encoding="UTF-8"?>
<!-- Generated by org.testng.reporters.JUnitReportReporter -->
<testsuite hostname="TYSS-Manoj" failures="0" tests="1" name="Organization.TC003_Delete_An_Organization_And_Verify_If_Organization_Is_Deleted_successfully" time="6.964" errors="0" timestamp="2023-07-20T10:01:49 IST" skipped="0">
  <testcase classname="Organization.TC003_Delete_An_Organization_And_Verify_If_Organization_Is_Deleted_successfully" name="Delete_The_Created_And_Updated_Lead" time="6.964"/>
  <system-out/>
</testsuite> <!-- Organization.TC003_Delete_An_Organization_And_Verify_If_Organization_Is_Deleted_successfully -->
