<?xml version="1.0" encoding="UTF-8"?>
<!-- Generated by org.testng.reporters.JUnitReportReporter -->
<testsuite hostname="TYSS-Manoj" failures="0" tests="1" name="Leads.TC003_Delete_A_Lead_And_Verify_If_Lead_Is_Deleted_Successfully" time="6.610" errors="0" timestamp="2023-07-20T10:01:49 IST" skipped="0">
  <testcase classname="Leads.TC003_Delete_A_Lead_And_Verify_If_Lead_Is_Deleted_Successfully" name="Delete_The_Created_And_Updated_Lead" time="6.610"/>
  <system-out/>
</testsuite> <!-- Leads.TC003_Delete_A_Lead_And_Verify_If_Lead_Is_Deleted_Successfully -->
