<?xml version="1.0" encoding="UTF-8"?>
<!-- Generated by org.testng.reporters.JUnitReportReporter -->
<testsuite hostname="TYSS-Manoj" failures="0" tests="1" name="Contacts.TC003_Delete_A_Contact_And_Verify_If_Contact_Is_Deleted_Sucessfully" time="6.349" errors="0" timestamp="2023-07-20T10:01:49 IST" skipped="0">
  <testcase classname="Contacts.TC003_Delete_A_Contact_And_Verify_If_Contact_Is_Deleted_Sucessfully" name="Delete_The_Created_And_Updated_Lead" time="6.349"/>
  <system-out/>
</testsuite> <!-- Contacts.TC003_Delete_A_Contact_And_Verify_If_Contact_Is_Deleted_Sucessfully -->
